-------------------------------------------------------------------------------
Test set: TestSuite
-------------------------------------------------------------------------------
Tests run: 4, Failures: 1, Errors: 0, Skipped: 0, Time elapsed: 111.786 s <<< FAILURE! - in TestSuite
error(SanityTests.experiBankMobile)  Time elapsed: 0.985 s  <<< FAILURE!
java.lang.AssertionError: expected [100.00$] but found [Your balance is: 75.00$]
	at SanityTests.experiBankMobile.error(experiBankMobile.java:44)

