<?xml version="1.0" encoding="UTF-8"?>
<testsuite xmlns:xsi="http://www.w3.org/2001/XMLSchema-instance" xsi:noNamespaceSchemaLocation="https://maven.apache.org/surefire/maven-surefire-plugin/xsd/surefire-test-report.xsd" name="TestSuite" time="111.786" tests="4" errors="0" skipped="0" failures="1">
  <properties>
[...]
</properties>
  <testcase name="login" classname="SanityTests.experiBankMobile" time="4.534"/>
  <testcase name="makeOnePayment" classname="SanityTests.experiBankMobile" time="20.368"/>
  <testcase name="takeMortgage" classname="SanityTests.experiBankMobile" time="66.958"/>
  <testcase name="error" classname="SanityTests.experiBankMobile" time="0.985">
    <failure message="expected [100.00$] but found [Your balance is: 75.00$]" type="java.lang.AssertionError">java.lang.AssertionError: expected [100.00$] but found [Your balance is: 75.00$]
	at SanityTests.experiBankMobile.error(experiBankMobile.java:44)
</failure>
    <system-out><![CDATA[--------------- Test Start: error ---------------
************ Test: error Failed ************
]]></system-out>
  </testcase>
</testsuite>